0 info it worked if it ends with ok
1 verbose cli [ 'C:\\Program Files\\nodejs\\node.exe',
1 verbose cli   'C:\\Program Files\\nodejs\\node_modules\\npm\\bin\\npm-cli.js',
1 verbose cli   'run',
1 verbose cli   'lite' ]
2 info using npm@3.3.12
3 info using node@v5.1.0
4 verbose run-script [ 'prelite', 'lite', 'postlite' ]
5 info lifecycle TimePicker@1.0.0~prelite: TimePicker@1.0.0
6 silly lifecycle TimePicker@1.0.0~prelite: no script for prelite, continuing
7 info lifecycle TimePicker@1.0.0~lite: TimePicker@1.0.0
8 verbose lifecycle TimePicker@1.0.0~lite: unsafe-perm in lifecycle true
9 verbose lifecycle TimePicker@1.0.0~lite: PATH: C:\Program Files\nodejs\node_modules\npm\bin\node-gyp-bin;C:\Users\John\Desktop\TimePicker\node_modules\.bin;C:\Users\John\bin;C:\Users\John\AppData\Local\Programs\Git\mingw64\bin;C:\Users\John\AppData\Local\Programs\Git\usr\local\bin;C:\Users\John\AppData\Local\Programs\Git\usr\bin;C:\Users\John\AppData\Local\Programs\Git\usr\bin;C:\Users\John\AppData\Local\Programs\Git\mingw64\bin;C:\Users\John\AppData\Local\Programs\Git\usr\bin;C:\Users\John\bin;C:\ProgramData\Oracle\Java\javapath;C:\Windows\system32;C:\Windows;C:\Windows\System32\Wbem;C:\Windows\System32\WindowsPowerShell\v1.0;C:\Program Files (x86)\AMD\ATI.ACE\Core-Static;C:\Program Files\nodejs;C:\Program Files (x86)\NVIDIA Corporation\PhysX\Common;C:\WINDOWS\system32;C:\WINDOWS;C:\WINDOWS\System32\Wbem;C:\WINDOWS\System32\WindowsPowerShell\v1.0;C:\Program Files\OpenVPN\bin;C:\Users\John\AppData\Roaming\npm\node_modules;C:\Program Files (x86)\Skype\Phone;C:\Program Files\Microsoft Network Monitor 3;C:\Program Files (x86)\Google\Chrome\Application;C:\Windows\system32;C:\Windows;C:\Windows\System32\Wbem;C:\Windows\System32\WindowsPowerShell\v1.0;C:\Program Files (x86)\AMD\ATI.ACE\Core-Static;C:\Program Files (x86)\Skype\Phone;C:\Users\John\AppData\Roaming\npm\node_modules;C:\Program Files (x86)\Nmap;C:\Users\John\AppData\Local\Microsoft\WindowsApps;C:\Users\John\AppData\Local\Programs\Git\usr\bin\vendor_perl;C:\Users\John\AppData\Local\Programs\Git\usr\bin\core_perl
10 verbose lifecycle TimePicker@1.0.0~lite: CWD: C:\Users\John\Desktop\TimePicker
11 silly lifecycle TimePicker@1.0.0~lite: Args: [ '/d /s /c', 'lite-server' ]
12 silly lifecycle TimePicker@1.0.0~lite: Returned: code: 3  signal: null
13 info lifecycle TimePicker@1.0.0~lite: Failed to exec lite script
14 verbose stack Error: TimePicker@1.0.0 lite: `lite-server`
14 verbose stack Exit status 3
14 verbose stack     at EventEmitter.<anonymous> (C:\Program Files\nodejs\node_modules\npm\lib\utils\lifecycle.js:232:16)
14 verbose stack     at emitTwo (events.js:87:13)
14 verbose stack     at EventEmitter.emit (events.js:172:7)
14 verbose stack     at ChildProcess.<anonymous> (C:\Program Files\nodejs\node_modules\npm\lib\utils\spawn.js:24:14)
14 verbose stack     at emitTwo (events.js:87:13)
14 verbose stack     at ChildProcess.emit (events.js:172:7)
14 verbose stack     at maybeClose (internal/child_process.js:818:16)
14 verbose stack     at Process.ChildProcess._handle.onexit (internal/child_process.js:211:5)
15 verbose pkgid TimePicker@1.0.0
16 verbose cwd C:\Users\John\Desktop\TimePicker
17 error Windows_NT 10.0.14393
18 error argv "C:\\Program Files\\nodejs\\node.exe" "C:\\Program Files\\nodejs\\node_modules\\npm\\bin\\npm-cli.js" "run" "lite"
19 error node v5.1.0
20 error npm  v3.3.12
21 error code ELIFECYCLE
22 error TimePicker@1.0.0 lite: `lite-server`
22 error Exit status 3
23 error Failed at the TimePicker@1.0.0 lite script 'lite-server'.
23 error Make sure you have the latest version of node.js and npm installed.
23 error If you do, this is most likely a problem with the TimePicker package,
23 error not with npm itself.
23 error Tell the author that this fails on your system:
23 error     lite-server
23 error You can get their info via:
23 error     npm owner ls TimePicker
23 error There is likely additional logging output above.
24 verbose exit [ 1, true ]
